<?xml version="1.0" encoding="UTF-8"?>
<testsuite xmlns:xsi="http://www.w3.org/2001/XMLSchema-instance" xsi:noNamespaceSchemaLocation="https://maven.apache.org/surefire/maven-surefire-plugin/xsd/surefire-test-report.xsd" name="TestSuite" time="49.85" tests="3" errors="0" skipped="0" failures="0">
  <properties>
[...]
</properties>
  <testcase name="runScenario" classname="testRunner.testRunner_testNG" time="13.612"/>
  <testcase name="runScenario" classname="testRunner.testRunner_testNG" time="15.541"/>
  <testcase name="runScenario" classname="testRunner.testRunner_testNG" time="19.669"/>
</testsuite>