<?xml version="1.0" encoding="UTF-8"?>
<testng-results skipped="0" failed="0" ignored="0" total="3" passed="3">
  <reporter-output>
  </reporter-output>
  <suite name="Suite" duration-ms="49155" started-at="2020-08-03T20:23:16 EDT" finished-at="2020-08-03T20:24:06 EDT">
    <groups>
      <group name="cucumber">
        <method signature="AbstractTestNGCucumberTests.runScenario(io.cucumber.testng.PickleWrapper, io.cucumber.testng.FeatureWrapper)[pri:0, instance:testRunner.testRunner_testNG@3327bd23]" name="runScenario" class="io.cucumber.testng.AbstractTestNGCucumberTests"/>
      </group> <!-- cucumber -->
    </groups>
    <test name="Test" duration-ms="49155" started-at="2020-08-03T20:23:16 EDT" finished-at="2020-08-03T20:24:06 EDT">
      <class name="testRunner.testRunner_testNG">
        <test-method status="PASS" signature="setUpClass()[pri:0, instance:testRunner.testRunner_testNG@3327bd23]" name="setUpClass" is-config="true" duration-ms="290" started-at="2020-08-03T20:23:17 EDT" finished-at="2020-08-03T20:23:17 EDT">
          <reporter-output>
          </reporter-output>
        </test-method> <!-- setUpClass -->
        <test-method status="PASS" signature="runScenario(io.cucumber.testng.PickleWrapper, io.cucumber.testng.FeatureWrapper)[pri:0, instance:testRunner.testRunner_testNG@3327bd23]" name="runScenario" duration-ms="13610" started-at="2020-08-03T20:23:17 EDT" description="Runs Cucumber Scenarios" data-provider="scenarios" finished-at="2020-08-03T20:23:30 EDT">
          <params>
            <param index="0">
              <value>
                <![CDATA["Access Tell us about yourself page"]]>
              </value>
            </param>
            <param index="1">
              <value>
                <![CDATA["Optional[Sunlife Quote]"]]>
              </value>
            </param>
          </params>
          <reporter-output>
          </reporter-output>
        </test-method> <!-- runScenario -->
        <test-method status="PASS" signature="runScenario(io.cucumber.testng.PickleWrapper, io.cucumber.testng.FeatureWrapper)[pri:0, instance:testRunner.testRunner_testNG@3327bd23]" name="runScenario" duration-ms="15544" started-at="2020-08-03T20:23:30 EDT" description="Runs Cucumber Scenarios" data-provider="scenarios" finished-at="2020-08-03T20:23:46 EDT">
          <params>
            <param index="0">
              <value>
                <![CDATA["Access Coverage page"]]>
              </value>
            </param>
            <param index="1">
              <value>
                <![CDATA["Optional[Sunlife Quote Summary]"]]>
              </value>
            </param>
          </params>
          <reporter-output>
          </reporter-output>
        </test-method> <!-- runScenario -->
        <test-method status="PASS" signature="runScenario(io.cucumber.testng.PickleWrapper, io.cucumber.testng.FeatureWrapper)[pri:0, instance:testRunner.testRunner_testNG@3327bd23]" name="runScenario" duration-ms="19670" started-at="2020-08-03T20:23:46 EDT" description="Runs Cucumber Scenarios" data-provider="scenarios" finished-at="2020-08-03T20:24:06 EDT">
          <params>
            <param index="0">
              <value>
                <![CDATA["Access Coverage page"]]>
              </value>
            </param>
            <param index="1">
              <value>
                <![CDATA["Optional[Sunlife Quote Summary]"]]>
              </value>
            </param>
          </params>
          <reporter-output>
          </reporter-output>
        </test-method> <!-- runScenario -->
        <test-method status="PASS" signature="tearDownClass()[pri:0, instance:testRunner.testRunner_testNG@3327bd23]" name="tearDownClass" is-config="true" duration-ms="5" started-at="2020-08-03T20:24:06 EDT" finished-at="2020-08-03T20:24:06 EDT">
          <reporter-output>
          </reporter-output>
        </test-method> <!-- tearDownClass -->
      </class> <!-- testRunner.testRunner_testNG -->
    </test> <!-- Test -->
  </suite> <!-- Suite -->
</testng-results>
