<?xml version="1.0" encoding="UTF-8"?>
<!-- Generated by org.testng.reporters.JUnitXMLReporter -->
<testsuite hostname="DESKTOP-13SB8JB" ignored="3" name="Test" tests="4" failures="0" timestamp="2020-07-25T00:07:30 EDT" time="10.325" errors="0">
  <testcase name="youtube" time="3.279" classname="Maven.Practise.youTube"/>
  <testcase name="makemytrtip" time="3.401" classname="Maven.Practise.MakeMyTripTest"/>
  <testcase name="spicejet" time="1.803" classname="Maven.Practise.SpiceJetTest"/>
  <testcase name="google" time="1.809" classname="Maven.Practise.googleTest"/>
  <testcase name="@BeforeSuite chrome" time="0.0" classname="Maven.Practise.ChromBrowserTest">
    <ignored/>
  </testcase> <!-- @BeforeSuite chrome -->
  <testcase name="@BeforeSuite chrome" time="0.0" classname="Maven.Practise.ChromBrowserTest">
    <ignored/>
  </testcase> <!-- @BeforeSuite chrome -->
  <testcase name="@BeforeSuite chrome" time="0.0" classname="Maven.Practise.ChromBrowserTest">
    <ignored/>
  </testcase> <!-- @BeforeSuite chrome -->
</testsuite> <!-- Test -->
