<?xml version="1.0" encoding="UTF-8"?>
<testng-results skipped="0" failed="0" ignored="3" total="7" passed="4">
  <reporter-output>
  </reporter-output>
  <suite name="Suite" duration-ms="10698" started-at="2020-07-25T00:06:30 EDT" finished-at="2020-07-25T00:06:40 EDT">
    <groups>
    </groups>
    <test name="Test" duration-ms="10698" started-at="2020-07-25T00:06:30 EDT" finished-at="2020-07-25T00:06:40 EDT">
      <class name="Maven.Practise.SpiceJetTest">
        <test-method status="PASS" signature="spicejet()[pri:0, instance:Maven.Practise.SpiceJetTest@67205a84]" name="spicejet" duration-ms="2498" started-at="2020-07-25T00:06:36 EDT" finished-at="2020-07-25T00:06:38 EDT">
          <reporter-output>
          </reporter-output>
        </test-method> <!-- spicejet -->
      </class> <!-- Maven.Practise.SpiceJetTest -->
      <class name="Maven.Practise.MakeMyTripTest">
        <test-method status="PASS" signature="makemytrtip()[pri:0, instance:Maven.Practise.MakeMyTripTest@5e853265]" name="makemytrtip" duration-ms="2351" started-at="2020-07-25T00:06:33 EDT" finished-at="2020-07-25T00:06:36 EDT">
          <reporter-output>
          </reporter-output>
        </test-method> <!-- makemytrtip -->
      </class> <!-- Maven.Practise.MakeMyTripTest -->
      <class name="Maven.Practise.youTube">
        <test-method status="PASS" signature="chrome()[pri:0, instance:Maven.Practise.youTube@6c49835d]" name="chrome" is-config="true" duration-ms="4078" started-at="2020-07-25T00:06:26 EDT" finished-at="2020-07-25T00:06:30 EDT">
          <reporter-output>
          </reporter-output>
        </test-method> <!-- chrome -->
        <test-method status="PASS" signature="youtube()[pri:0, instance:Maven.Practise.youTube@6c49835d]" name="youtube" duration-ms="3702" started-at="2020-07-25T00:06:30 EDT" finished-at="2020-07-25T00:06:33 EDT">
          <reporter-output>
          </reporter-output>
        </test-method> <!-- youtube -->
      </class> <!-- Maven.Practise.youTube -->
      <class name="Maven.Practise.googleTest">
        <test-method status="PASS" signature="google()[pri:0, instance:Maven.Practise.googleTest@7d0587f1]" name="google" duration-ms="2089" started-at="2020-07-25T00:06:38 EDT" finished-at="2020-07-25T00:06:40 EDT">
          <reporter-output>
          </reporter-output>
        </test-method> <!-- google -->
      </class> <!-- Maven.Practise.googleTest -->
    </test> <!-- Test -->
  </suite> <!-- Suite -->
</testng-results>
