<?xml version="1.0" encoding="UTF-8"?>
<!-- Generated by org.testng.reporters.JUnitXMLReporter -->
<testsuite hostname="DESKTOP-13SB8JB" ignored="13" name="dependsonMethod" tests="3" failures="0" timestamp="2020-07-22T11:38:45 EDT" time="0.009" errors="0">
  <testcase name="SMEbrokerlogout" time="0.001" classname="testNG_Practise.SME_Broker"/>
  <testcase name="SMEUWlogout" time="0.001" classname="testNG_Practise.SME_UW"/>
  <testcase name="CNSUWlogout" time="0.001" classname="testNG_Practise.CNS_UW"/>
  <testcase name="HUBUWlogin" time="0.0" classname="testNG_Practise.HUB_UW">
    <ignored/>
  </testcase> <!-- HUBUWlogin -->
  <testcase name="HUBbrokerlogin" time="0.0" classname="testNG_Practise.HUB_Broker">
    <ignored/>
  </testcase> <!-- HUBbrokerlogin -->
  <testcase name="CNSUWhomepage" time="0.0" classname="testNG_Practise.CNS_UW">
    <ignored/>
  </testcase> <!-- CNSUWhomepage -->
  <testcase name="CNSbrokerhomepage" time="0.0" classname="testNG_Practise.CNS_Broker">
    <ignored/>
  </testcase> <!-- CNSbrokerhomepage -->
  <testcase name="HUBUWhomepage" time="0.0" classname="testNG_Practise.HUB_UW">
    <ignored/>
  </testcase> <!-- HUBUWhomepage -->
  <testcase name="SMEUWhomepage" time="0.0" classname="testNG_Practise.SME_UW">
    <ignored/>
  </testcase> <!-- SMEUWhomepage -->
  <testcase name="getdata" time="0.0" classname="testNG_Practise.basic">
    <ignored/>
  </testcase> <!-- getdata -->
  <testcase name="CNSbrokerlogin" time="0.0" classname="testNG_Practise.CNS_Broker">
    <ignored/>
  </testcase> <!-- CNSbrokerlogin -->
  <testcase name="SMEUWlogin" time="0.0" classname="testNG_Practise.SME_UW">
    <ignored/>
  </testcase> <!-- SMEUWlogin -->
  <testcase name="HUBbrokerhomepage" time="0.0" classname="testNG_Practise.HUB_Broker">
    <ignored/>
  </testcase> <!-- HUBbrokerhomepage -->
  <testcase name="HUBbrokerlogout" time="0.0" classname="testNG_Practise.HUB_Broker">
    <ignored/>
  </testcase> <!-- HUBbrokerlogout -->
  <testcase name="CNSbrokerlogout" time="0.0" classname="testNG_Practise.CNS_Broker">
    <ignored/>
  </testcase> <!-- CNSbrokerlogout -->
  <testcase name="HUBUWlogout" time="0.0" classname="testNG_Practise.HUB_UW">
    <ignored/>
  </testcase> <!-- HUBUWlogout -->
</testsuite> <!-- dependsonMethod -->
