<?xml version="1.0" encoding="UTF-8"?>
<!-- Generated by org.testng.reporters.JUnitXMLReporter -->
<testsuite hostname="DESKTOP-13SB8JB" ignored="4" name="Execute UW" tests="5" failures="0" timestamp="2020-07-22T16:53:40 EDT" time="0.012" errors="0">
  <testcase name="CNSUWhomepage" time="0.001" classname="testNG_Practise.CNS_UW"/>
  <testcase name="CNSUWlogout" time="0.001" classname="testNG_Practise.CNS_UW"/>
  <testcase name="SMEUWlogin" time="0.001" classname="testNG_Practise.SME_UW"/>
  <testcase name="SMEUWlogout" time="0.001" classname="testNG_Practise.SME_UW"/>
  <testcase name="SMEUWhomepage" time="0.001" classname="testNG_Practise.SME_UW"/>
  <testcase name="HUBUWlogin" time="0.0" classname="testNG_Practise.HUB_UW">
    <ignored/>
  </testcase> <!-- HUBUWlogin -->
  <testcase name="SMEUWSICpage" time="0.0" classname="testNG_Practise.SME_UW">
    <ignored/>
  </testcase> <!-- SMEUWSICpage -->
  <testcase name="HUBUWhomepage" time="0.0" classname="testNG_Practise.HUB_UW">
    <ignored/>
  </testcase> <!-- HUBUWhomepage -->
  <testcase name="HUBUWlogout" time="0.0" classname="testNG_Practise.HUB_UW">
    <ignored/>
  </testcase> <!-- HUBUWlogout -->
</testsuite> <!-- Execute UW -->
