<?xml version="1.0" encoding="UTF-8"?>
<!-- Generated by org.testng.reporters.JUnitXMLReporter -->
<testsuite hostname="DESKTOP-13SB8JB" ignored="0" name="Test" tests="9" failures="0" timestamp="2020-07-22T16:53:40 EDT" time="0.057" errors="0">
  <testcase name="getdata" time="0.005" classname="testNG_Practise.basic"/>
  <testcase name="CNSbrokerhomepage" time="0.001" classname="testNG_Practise.CNS_Broker"/>
  <testcase name="CNSbrokerlogin" time="0.0" classname="testNG_Practise.CNS_Broker"/>
  <testcase name="CNSbrokerlogout" time="0.001" classname="testNG_Practise.CNS_Broker"/>
  <testcase name="SMEbrokerSIC" time="0.001" classname="testNG_Practise.SME_Broker"/>
  <testcase name="SMEbrokerlogout" time="0.001" classname="testNG_Practise.SME_Broker"/>
  <testcase name="HUBbrokerhomepage" time="0.001" classname="testNG_Practise.HUB_Broker"/>
  <testcase name="HUBbrokerlogin" time="0.001" classname="testNG_Practise.HUB_Broker"/>
  <testcase name="HUBbrokerlogout" time="0.0" classname="testNG_Practise.HUB_Broker"/>
</testsuite> <!-- Test -->
