<?xml version="1.0" encoding="UTF-8"?>
<testng-results skipped="0" failed="0" ignored="0" total="2" passed="2">
  <reporter-output>
  </reporter-output>
  <suite name="Suite" duration-ms="69775" started-at="2020-08-16T19:47:07 EDT" finished-at="2020-08-16T19:48:17 EDT">
    <groups>
    </groups>
    <test name="Test" duration-ms="69775" started-at="2020-08-16T19:47:07 EDT" finished-at="2020-08-16T19:48:17 EDT">
      <class name="AppiumFW.NativeApp">
        <test-method status="PASS" signature="killallnodes()[pri:0, instance:AppiumFW.NativeApp@5119fb47]" name="killallnodes" is-config="true" duration-ms="3019" started-at="2020-08-16T19:47:07 EDT" finished-at="2020-08-16T19:47:10 EDT">
          <reporter-output>
          </reporter-output>
        </test-method> <!-- killallnodes -->
        <test-method status="PASS" signature="nativeapptesting(java.lang.String)[pri:0, instance:AppiumFW.NativeApp@5119fb47]" name="nativeapptesting" duration-ms="35480" started-at="2020-08-16T19:47:10 EDT" data-provider="getName" finished-at="2020-08-16T19:47:45 EDT">
          <params>
            <param index="0">
              <value>
                <![CDATA[hello]]>
              </value>
            </param>
          </params>
          <reporter-output>
          </reporter-output>
        </test-method> <!-- nativeapptesting -->
        <test-method status="PASS" signature="nativeapptesting(java.lang.String)[pri:0, instance:AppiumFW.NativeApp@5119fb47]" name="nativeapptesting" duration-ms="31159" started-at="2020-08-16T19:47:45 EDT" data-provider="getName" finished-at="2020-08-16T19:48:17 EDT">
          <params>
            <param index="0">
              <value>
                <![CDATA[test]]>
              </value>
            </param>
          </params>
          <reporter-output>
          </reporter-output>
        </test-method> <!-- nativeapptesting -->
      </class> <!-- AppiumFW.NativeApp -->
    </test> <!-- Test -->
  </suite> <!-- Suite -->
</testng-results>
