<?xml version="1.0" encoding="UTF-8"?>
<testng-results skipped="0" failed="0" ignored="0" total="1" passed="1">
  <reporter-output>
  </reporter-output>
  <suite name="Suite" duration-ms="8385" started-at="2020-07-27T16:42:50 EDT" finished-at="2020-07-27T16:42:58 EDT">
    <groups>
    </groups>
    <test name="Test" duration-ms="8385" started-at="2020-07-27T16:42:50 EDT" finished-at="2020-07-27T16:42:58 EDT">
      <class name="TestCases.LoginTest1">
        <test-method status="PASS" signature="login()[pri:0, instance:TestCases.LoginTest1@3224f60b]" name="login" duration-ms="8346" started-at="2020-07-27T16:42:50 EDT" finished-at="2020-07-27T16:42:58 EDT">
          <reporter-output>
          </reporter-output>
        </test-method> <!-- login -->
      </class> <!-- TestCases.LoginTest1 -->
    </test> <!-- Test -->
  </suite> <!-- Suite -->
</testng-results>
