<?xml version="1.0" encoding="UTF-8"?>
<testng-results skipped="0" failed="0" ignored="0" total="1" passed="1">
  <reporter-output>
  </reporter-output>
  <suite name="Default suite" duration-ms="25791" started-at="2020-08-03T14:26:03 EDT" finished-at="2020-08-03T14:26:29 EDT">
    <groups>
    </groups>
    <test name="Default test" duration-ms="25791" started-at="2020-08-03T14:26:03 EDT" finished-at="2020-08-03T14:26:29 EDT">
      <class name="testFramework.SL_getQuote3">
        <test-method status="PASS" signature="browserstart()[pri:0, instance:testFramework.SL_getQuote3@291b4bf5]" name="browserstart" is-config="true" duration-ms="8278" started-at="2020-08-03T14:26:03 EDT" finished-at="2020-08-03T14:26:12 EDT">
          <reporter-output>
          </reporter-output>
        </test-method> <!-- browserstart -->
        <test-method status="PASS" signature="getquote3()[pri:0, instance:testFramework.SL_getQuote3@291b4bf5]" name="getquote3" duration-ms="13103" started-at="2020-08-03T14:26:12 EDT" finished-at="2020-08-03T14:26:25 EDT">
          <reporter-output>
          </reporter-output>
        </test-method> <!-- getquote3 -->
        <test-method status="PASS" signature="closebrowser()[pri:0, instance:testFramework.SL_getQuote3@291b4bf5]" name="closebrowser" is-config="true" duration-ms="4291" started-at="2020-08-03T14:26:25 EDT" finished-at="2020-08-03T14:26:29 EDT">
          <reporter-output>
          </reporter-output>
        </test-method> <!-- closebrowser -->
      </class> <!-- testFramework.SL_getQuote3 -->
    </test> <!-- Default test -->
  </suite> <!-- Default suite -->
</testng-results>
