<?xml version="1.0" encoding="UTF-8"?>
<!-- Generated by org.testng.reporters.JUnitXMLReporter -->
<testsuite hostname="DESKTOP-13SB8JB" ignored="3" name="Test" tests="4" failures="0" timestamp="2020-07-25T00:06:40 EDT" time="10.698" errors="0">
  <testcase name="youtube" time="3.702" classname="Maven.Practise.youTube"/>
  <testcase name="makemytrtip" time="2.351" classname="Maven.Practise.MakeMyTripTest"/>
  <testcase name="spicejet" time="2.498" classname="Maven.Practise.SpiceJetTest"/>
  <testcase name="google" time="2.089" classname="Maven.Practise.googleTest"/>
  <testcase name="@BeforeSuite chrome" time="0.0" classname="Maven.Practise.ChromBrowserTest">
    <ignored/>
  </testcase> <!-- @BeforeSuite chrome -->
  <testcase name="@BeforeSuite chrome" time="0.0" classname="Maven.Practise.ChromBrowserTest">
    <ignored/>
  </testcase> <!-- @BeforeSuite chrome -->
  <testcase name="@BeforeSuite chrome" time="0.0" classname="Maven.Practise.ChromBrowserTest">
    <ignored/>
  </testcase> <!-- @BeforeSuite chrome -->
</testsuite> <!-- Test -->
