<?xml version="1.0" encoding="UTF-8"?>
<!-- Generated by org.testng.reporters.JUnitXMLReporter -->
<testsuite hostname="DESKTOP-13SB8JB" ignored="0" name="Test" tests="3" failures="0" timestamp="2020-08-03T20:24:06 EDT" time="49.155" errors="0">
  <testcase name="runScenario" time="13.61" classname="io.cucumber.testng.AbstractTestNGCucumberTests"/>
  <testcase name="runScenario" time="15.544" classname="io.cucumber.testng.AbstractTestNGCucumberTests"/>
  <testcase name="runScenario" time="19.67" classname="io.cucumber.testng.AbstractTestNGCucumberTests"/>
</testsuite> <!-- Test -->
