<?xml version="1.0" encoding="UTF-8"?>
<!-- Generated by org.testng.reporters.JUnitXMLReporter -->
<testsuite hostname="DESKTOP-13SB8JB" ignored="0" name="Test" tests="0" failures="0" timestamp="2020-09-04T19:25:33 EDT" time="0.075" errors="0">
  <testcase name="@BeforeClass setUpClass" time="0.041" classname="io.cucumber.testng.AbstractTestNGCucumberTests">
    <failure type="java.lang.AbstractMethodError" message="io.cucumber.testng.TestNGCucumberOptionsProvider$TestNGCucumberOptions.publish()Z">
      <![CDATA[java.lang.AbstractMethodError: io.cucumber.testng.TestNGCucumberOptionsProvider$TestNGCucumberOptions.publish()Z
at io.cucumber.core.options.CucumberOptionsAnnotationParser.addPublish(CucumberOptionsAnnotationParser.java:92)
at io.cucumber.core.options.CucumberOptionsAnnotationParser.parse(CucumberOptionsAnnotationParser.java:42)
at io.cucumber.testng.TestNGCucumberRunner.<init>(TestNGCucumberRunner.java:73)
at io.cucumber.testng.AbstractTestNGCucumberTests.setUpClass(AbstractTestNGCucumberTests.java:23)
at java.util.ArrayList.forEach(Unknown Source)
... Removed 25 stack frames]]>
    </failure>
  </testcase> <!-- @BeforeClass setUpClass -->
</testsuite> <!-- Test -->
