<?xml version="1.0" encoding="utf-8"?><testsuites><testsuite name="pytest" errors="0" failures="0" skipped="0" tests="4" time="36.767" timestamp="2020-11-04T20:00:24.584502" hostname="DESKTOP-13SB8JB"><testcase classname="tests.test_e2e.Test" name="test_e2eapp" time="14.717" /><testcase classname="tests.test_e2e.Test" name="test_log" time="0.104" /><testcase classname="tests.test_homePage.TestHomePage" name="test_formSubmission[getData0]" time="17.035" /><testcase classname="tests.test_homePage.TestHomePage" name="test_formSubmission[getData1]" time="4.716" /></testsuite></testsuites>