<?xml version="1.0" encoding="UTF-8"?>
<testng-results skipped="0" failed="0" total="4" passed="4">
  <reporter-output>
  </reporter-output>
  <suite name="Default suite" duration-ms="6773" started-at="2020-08-25T02:43:54Z" finished-at="2020-08-25T02:44:01Z">
    <groups>
    </groups>
    <test name="Default test" duration-ms="6773" started-at="2020-08-25T02:43:54Z" finished-at="2020-08-25T02:44:01Z">
      <class name="RestAPI.LibraryDemoParameter">
        <test-method status="PASS" signature="GetLibrary(java.lang.String, java.lang.String)[pri:0, instance:RestAPI.LibraryDemoParameter@29176cc1]" name="GetLibrary" duration-ms="3337" started-at="2020-08-24T22:43:54Z" data-provider="getdata" finished-at="2020-08-24T22:43:58Z">
          <params>
            <param index="0">
              <value>
                <![CDATA[viyaan]]>
              </value>
            </param>
            <param index="1">
              <value>
                <![CDATA[0402]]>
              </value>
            </param>
          </params>
          <reporter-output>
          </reporter-output>
        </test-method> <!-- GetLibrary -->
        <test-method status="PASS" signature="GetLibrary(java.lang.String, java.lang.String)[pri:0, instance:RestAPI.LibraryDemoParameter@29176cc1]" name="GetLibrary" duration-ms="1149" started-at="2020-08-24T22:43:58Z" data-provider="getdata" finished-at="2020-08-24T22:43:59Z">
          <params>
            <param index="0">
              <value>
                <![CDATA[Suresh]]>
              </value>
            </param>
            <param index="1">
              <value>
                <![CDATA[1101]]>
              </value>
            </param>
          </params>
          <reporter-output>
          </reporter-output>
        </test-method> <!-- GetLibrary -->
        <test-method status="PASS" signature="GetLibrary(java.lang.String, java.lang.String)[pri:0, instance:RestAPI.LibraryDemoParameter@29176cc1]" name="GetLibrary" duration-ms="1136" started-at="2020-08-24T22:43:59Z" data-provider="getdata" finished-at="2020-08-24T22:44:00Z">
          <params>
            <param index="0">
              <value>
                <![CDATA[Yaanvi]]>
              </value>
            </param>
            <param index="1">
              <value>
                <![CDATA[1208]]>
              </value>
            </param>
          </params>
          <reporter-output>
          </reporter-output>
        </test-method> <!-- GetLibrary -->
        <test-method status="PASS" signature="GetLibrary(java.lang.String, java.lang.String)[pri:0, instance:RestAPI.LibraryDemoParameter@29176cc1]" name="GetLibrary" duration-ms="1130" started-at="2020-08-24T22:44:00Z" data-provider="getdata" finished-at="2020-08-24T22:44:01Z">
          <params>
            <param index="0">
              <value>
                <![CDATA[Selvi]]>
              </value>
            </param>
            <param index="1">
              <value>
                <![CDATA[1709]]>
              </value>
            </param>
          </params>
          <reporter-output>
          </reporter-output>
        </test-method> <!-- GetLibrary -->
      </class> <!-- RestAPI.LibraryDemoParameter -->
    </test> <!-- Default test -->
  </suite> <!-- Default suite -->
</testng-results>
