<?xml version="1.0" encoding="UTF-8"?>
<testng-results skipped="0" failed="0" ignored="0" total="4" passed="4">
  <reporter-output>
  </reporter-output>
  <suite name="Suite" duration-ms="118476" started-at="2020-08-16T19:15:10 EDT" finished-at="2020-08-16T19:17:09 EDT">
    <groups>
    </groups>
    <test name="Test" duration-ms="64298" started-at="2020-08-16T19:15:10 EDT" finished-at="2020-08-16T19:16:15 EDT">
      <class name="testFramework.SL_getQuote">
        <test-method status="PASS" signature="getquote(java.lang.String, java.lang.String)[pri:0, instance:testFramework.SL_getQuote@3745e5c6]" name="getquote" duration-ms="31310" started-at="2020-08-16T19:15:10 EDT" data-provider="datavalues" finished-at="2020-08-16T19:15:42 EDT">
          <params>
            <param index="0">
              <value>
                <![CDATA[11/01/1989]]>
              </value>
            </param>
            <param index="1">
              <value>
                <![CDATA[9]]>
              </value>
            </param>
          </params>
          <reporter-output>
          </reporter-output>
        </test-method> <!-- getquote -->
        <test-method status="PASS" signature="getquote(java.lang.String, java.lang.String)[pri:0, instance:testFramework.SL_getQuote@3745e5c6]" name="getquote" duration-ms="26728" started-at="2020-08-16T19:15:43 EDT" data-provider="datavalues" finished-at="2020-08-16T19:16:10 EDT">
          <params>
            <param index="0">
              <value>
                <![CDATA[05/05/1975]]>
              </value>
            </param>
            <param index="1">
              <value>
                <![CDATA[5]]>
              </value>
            </param>
          </params>
          <reporter-output>
          </reporter-output>
        </test-method> <!-- getquote -->
        <test-method status="PASS" signature="closebrowser()[pri:0, instance:testFramework.SL_getQuote@3745e5c6]" name="closebrowser" is-config="true" duration-ms="4094" started-at="2020-08-16T19:16:10 EDT" finished-at="2020-08-16T19:16:15 EDT">
          <reporter-output>
          </reporter-output>
        </test-method> <!-- closebrowser -->
      </class> <!-- testFramework.SL_getQuote -->
    </test> <!-- Test -->
    <test name="Test2" duration-ms="24939" started-at="2020-08-16T19:16:15 EDT" finished-at="2020-08-16T19:16:40 EDT">
      <class name="testFramework.SL_getQuote2">
        <test-method status="PASS" signature="getquote2()[pri:0, instance:testFramework.SL_getQuote2@79ad8b2f]" name="getquote2" duration-ms="19773" started-at="2020-08-16T19:16:15 EDT" finished-at="2020-08-16T19:16:35 EDT">
          <reporter-output>
          </reporter-output>
        </test-method> <!-- getquote2 -->
        <test-method status="PASS" signature="closebrowser()[pri:0, instance:testFramework.SL_getQuote2@79ad8b2f]" name="closebrowser" is-config="true" duration-ms="4324" started-at="2020-08-16T19:16:36 EDT" finished-at="2020-08-16T19:16:40 EDT">
          <reporter-output>
          </reporter-output>
        </test-method> <!-- closebrowser -->
      </class> <!-- testFramework.SL_getQuote2 -->
    </test> <!-- Test2 -->
    <test name="Test3" duration-ms="28525" started-at="2020-08-16T19:16:40 EDT" finished-at="2020-08-16T19:17:09 EDT">
      <class name="testFramework.SL_getQuote3">
        <test-method status="PASS" signature="browserstart()[pri:0, instance:testFramework.SL_getQuote3@247310d0]" name="browserstart" is-config="true" duration-ms="7021" started-at="2020-08-16T19:16:40 EDT" finished-at="2020-08-16T19:16:47 EDT">
          <reporter-output>
          </reporter-output>
        </test-method> <!-- browserstart -->
        <test-method status="PASS" signature="getquote3()[pri:0, instance:testFramework.SL_getQuote3@247310d0]" name="getquote3" duration-ms="16244" started-at="2020-08-16T19:16:47 EDT" finished-at="2020-08-16T19:17:04 EDT">
          <reporter-output>
          </reporter-output>
        </test-method> <!-- getquote3 -->
        <test-method status="PASS" signature="closebrowser()[pri:0, instance:testFramework.SL_getQuote3@247310d0]" name="closebrowser" is-config="true" duration-ms="4322" started-at="2020-08-16T19:17:04 EDT" finished-at="2020-08-16T19:17:09 EDT">
          <reporter-output>
          </reporter-output>
        </test-method> <!-- closebrowser -->
      </class> <!-- testFramework.SL_getQuote3 -->
    </test> <!-- Test3 -->
  </suite> <!-- Suite -->
</testng-results>
