<?xml version="1.0" encoding="UTF-8"?>
<testng-results skipped="0" failed="0" ignored="0" total="1" passed="1">
  <reporter-output>
  </reporter-output>
  <suite name="Suite" duration-ms="56" started-at="2020-07-24T17:35:21 EDT" finished-at="2020-07-24T17:35:21 EDT">
    <groups>
    </groups>
    <test name="Test" duration-ms="56" started-at="2020-07-24T17:35:21 EDT" finished-at="2020-07-24T17:35:21 EDT">
      <class name="Maven.test.SeleniumTest">
        <test-method status="PASS" signature="selenium()[pri:0, instance:Maven.test.SeleniumTest@f6c48ac]" name="selenium" duration-ms="5" started-at="2020-07-24T17:35:21 EDT" finished-at="2020-07-24T17:35:21 EDT">
          <reporter-output>
          </reporter-output>
        </test-method> <!-- selenium -->
      </class> <!-- Maven.test.SeleniumTest -->
    </test> <!-- Test -->
  </suite> <!-- Suite -->
</testng-results>
