<?xml version="1.0" encoding="UTF-8"?>
<!-- Generated by org.testng.reporters.JUnitXMLReporter -->
<testsuite hostname="DESKTOP-13SB8JB" ignored="0" name="Test" tests="2" failures="2" timestamp="2020-07-29T23:26:22 EDT" time="0.057" errors="0">
  <testcase name="@AfterTest closebrowser" time="0.001" classname="testFramework.SL_getQuote">
    <failure type="java.lang.NullPointerException">
      <![CDATA[java.lang.NullPointerException
at testFramework.SL_getQuote.closebrowser(SL_getQuote.java:74)
... Removed 24 stack frames]]>
    </failure>
  </testcase> <!-- @AfterTest closebrowser -->
  <testcase name="getquote" time="0.01" classname="testFramework.SL_getQuote">
    <failure type="java.lang.NullPointerException">
      <![CDATA[java.lang.NullPointerException
at Repository.browser_Invoke.invokebrowser(browser_Invoke.java:33)
at testFramework.SL_getQuote.getquote(SL_getQuote.java:27)
at java.util.ArrayList.forEach(Unknown Source)
... Removed 27 stack frames]]>
    </failure>
  </testcase> <!-- getquote -->
  <testcase name="getquote" time="0.001" classname="testFramework.SL_getQuote">
    <failure type="java.lang.NullPointerException">
      <![CDATA[java.lang.NullPointerException
at Repository.browser_Invoke.invokebrowser(browser_Invoke.java:33)
at testFramework.SL_getQuote.getquote(SL_getQuote.java:27)
at java.util.ArrayList.forEach(Unknown Source)
... Removed 27 stack frames]]>
    </failure>
  </testcase> <!-- getquote -->
</testsuite> <!-- Test -->
