<?xml version="1.0" encoding="UTF-8"?>
<!-- Generated by org.testng.reporters.JUnitXMLReporter -->
<testsuite hostname="DESKTOP-13SB8JB" ignored="0" name="Test2" tests="1" failures="1" timestamp="2020-07-29T23:26:23 EDT" time="0.01" errors="0">
  <testcase name="@AfterTest closebrowser" time="0.0" classname="testFramework.SL_getQuote2">
    <failure type="java.lang.NullPointerException">
      <![CDATA[java.lang.NullPointerException
at testFramework.SL_getQuote2.closebrowser(SL_getQuote2.java:61)
... Removed 24 stack frames]]>
    </failure>
  </testcase> <!-- @AfterTest closebrowser -->
  <testcase name="getquote2" time="0.002" classname="testFramework.SL_getQuote2">
    <failure type="java.lang.NullPointerException">
      <![CDATA[java.lang.NullPointerException
at Repository.browser_Invoke.invokebrowser(browser_Invoke.java:33)
at testFramework.SL_getQuote2.getquote2(SL_getQuote2.java:26)
at java.util.ArrayList.forEach(Unknown Source)
... Removed 27 stack frames]]>
    </failure>
  </testcase> <!-- getquote2 -->
</testsuite> <!-- Test2 -->
