<?xml version="1.0" encoding="UTF-8"?>
<!-- Generated by org.testng.reporters.JUnitXMLReporter -->
<testsuite hostname="DESKTOP-13SB8JB" name="Default test" tests="4" failures="0" timestamp="25 Aug 2020 02:44:01 GMT" time="6.773" errors="0">
  <testcase name="GetLibrary" time="3.337" classname="RestAPI.LibraryDemoParameter"/>
  <testcase name="GetLibrary" time="1.149" classname="RestAPI.LibraryDemoParameter"/>
  <testcase name="GetLibrary" time="1.136" classname="RestAPI.LibraryDemoParameter"/>
  <testcase name="GetLibrary" time="1.13" classname="RestAPI.LibraryDemoParameter"/>
</testsuite> <!-- Default test -->
