<?xml version="1.0" encoding="UTF-8"?>
<testng-results skipped="0" failed="0" ignored="0" total="4" passed="4">
  <reporter-output>
  </reporter-output>
  <suite name="Default suite" duration-ms="69733" started-at="2020-08-03T20:34:22 EDT" finished-at="2020-08-03T20:35:32 EDT">
    <groups>
      <group name="cucumber">
        <method signature="AbstractTestNGCucumberTests.runScenario(io.cucumber.testng.PickleWrapper, io.cucumber.testng.FeatureWrapper)[pri:0, instance:testRunner.testRunner_testNG@1f57539]" name="runScenario" class="io.cucumber.testng.AbstractTestNGCucumberTests"/>
      </group> <!-- cucumber -->
    </groups>
    <test name="Default test" duration-ms="69733" started-at="2020-08-03T20:34:22 EDT" finished-at="2020-08-03T20:35:32 EDT">
      <class name="testRunner.testRunner_testNG">
        <test-method status="PASS" signature="setUpClass()[pri:0, instance:testRunner.testRunner_testNG@1f57539]" name="setUpClass" is-config="true" duration-ms="322" started-at="2020-08-03T20:34:22 EDT" finished-at="2020-08-03T20:34:23 EDT">
          <reporter-output>
          </reporter-output>
        </test-method> <!-- setUpClass -->
        <test-method status="PASS" signature="runScenario(io.cucumber.testng.PickleWrapper, io.cucumber.testng.FeatureWrapper)[pri:0, instance:testRunner.testRunner_testNG@1f57539]" name="runScenario" duration-ms="13302" started-at="2020-08-03T20:34:23 EDT" description="Runs Cucumber Scenarios" data-provider="scenarios" finished-at="2020-08-03T20:34:36 EDT">
          <params>
            <param index="0">
              <value>
                <![CDATA["Access Tell us about yourself page"]]>
              </value>
            </param>
            <param index="1">
              <value>
                <![CDATA["Optional[Sunlife Quote]"]]>
              </value>
            </param>
          </params>
          <reporter-output>
          </reporter-output>
        </test-method> <!-- runScenario -->
        <test-method status="PASS" signature="runScenario(io.cucumber.testng.PickleWrapper, io.cucumber.testng.FeatureWrapper)[pri:0, instance:testRunner.testRunner_testNG@1f57539]" name="runScenario" duration-ms="16475" started-at="2020-08-03T20:34:36 EDT" description="Runs Cucumber Scenarios" data-provider="scenarios" finished-at="2020-08-03T20:34:52 EDT">
          <params>
            <param index="0">
              <value>
                <![CDATA["Access Coverage page"]]>
              </value>
            </param>
            <param index="1">
              <value>
                <![CDATA["Optional[Sunlife Quote Summary]"]]>
              </value>
            </param>
          </params>
          <reporter-output>
          </reporter-output>
        </test-method> <!-- runScenario -->
        <test-method status="PASS" signature="runScenario(io.cucumber.testng.PickleWrapper, io.cucumber.testng.FeatureWrapper)[pri:0, instance:testRunner.testRunner_testNG@1f57539]" name="runScenario" duration-ms="16006" started-at="2020-08-03T20:34:52 EDT" description="Runs Cucumber Scenarios" data-provider="scenarios" finished-at="2020-08-03T20:35:08 EDT">
          <params>
            <param index="0">
              <value>
                <![CDATA["Access Coverage page"]]>
              </value>
            </param>
            <param index="1">
              <value>
                <![CDATA["Optional[Sunlife Quote Summary]"]]>
              </value>
            </param>
          </params>
          <reporter-output>
          </reporter-output>
        </test-method> <!-- runScenario -->
        <test-method status="PASS" signature="runScenario(io.cucumber.testng.PickleWrapper, io.cucumber.testng.FeatureWrapper)[pri:0, instance:testRunner.testRunner_testNG@1f57539]" name="runScenario" duration-ms="23580" started-at="2020-08-03T20:35:08 EDT" description="Runs Cucumber Scenarios" data-provider="scenarios" finished-at="2020-08-03T20:35:32 EDT">
          <params>
            <param index="0">
              <value>
                <![CDATA["Access Coverage page"]]>
              </value>
            </param>
            <param index="1">
              <value>
                <![CDATA["Optional[Sunlife Quote Summary]"]]>
              </value>
            </param>
          </params>
          <reporter-output>
          </reporter-output>
        </test-method> <!-- runScenario -->
        <test-method status="PASS" signature="tearDownClass()[pri:0, instance:testRunner.testRunner_testNG@1f57539]" name="tearDownClass" is-config="true" duration-ms="6" started-at="2020-08-03T20:35:32 EDT" finished-at="2020-08-03T20:35:32 EDT">
          <reporter-output>
          </reporter-output>
        </test-method> <!-- tearDownClass -->
      </class> <!-- testRunner.testRunner_testNG -->
    </test> <!-- Default test -->
  </suite> <!-- Default suite -->
</testng-results>
