<?xml version="1.0" encoding="UTF-8"?>
<!-- Generated by org.testng.reporters.JUnitXMLReporter -->
<testsuite hostname="DESKTOP-13SB8JB" ignored="0" name="Test3" tests="1" failures="0" timestamp="2020-07-29T23:26:23 EDT" time="0.011" errors="0">
  <testcase name="@BeforeTest browserstart" time="0.001" classname="testFramework.SL_getQuote3">
    <failure type="java.lang.NullPointerException">
      <![CDATA[java.lang.NullPointerException
at Repository.browser_Invoke.invokebrowser(browser_Invoke.java:33)
at testFramework.SL_getQuote3.browserstart(SL_getQuote3.java:29)
... Removed 24 stack frames]]>
    </failure>
  </testcase> <!-- @BeforeTest browserstart -->
  <testcase name="@AfterTest closebrowser" time="-1.596079583057E9" classname="testFramework.SL_getQuote3">
    <skipped/>
  </testcase> <!-- @AfterTest closebrowser -->
  <testcase name="getquote3" time="0.0" classname="testFramework.SL_getQuote3">
    <skipped/>
  </testcase> <!-- getquote3 -->
</testsuite> <!-- Test3 -->
